2026-05-23 09:12:33 | DEBUG | P02 | KAFKA_BOOTSTRAP_SERVERS           = localhost:9092
2026-05-23 09:12:33 | DEBUG | P02 | KAFKA_BROKER_ADDRESS_FAMILY       = v6
2026-05-23 09:12:33 | DEBUG | P02 | KAFKA_TOPIC                       = streaming-02-kafka-case
2026-05-23 09:12:33 | DEBUG | P02 | KAFKA_CLEAR_TOPIC_ON_START        = true
2026-05-23 09:12:33 | DEBUG | P02 | PRODUCER_MESSAGE_COUNT            = 3
2026-05-23 09:12:33 | DEBUG | P02 | PRODUCER_MESSAGE_INTERVAL_SECONDS = 2
2026-05-23 09:12:33 | DEBUG | P02 | PRODUCER_MAX_MESSAGES             = 50
2026-05-23 09:12:33 | DEBUG | P02 | PRODUCER_POLL_INTERVAL_SECONDS    = 15
2026-05-23 09:12:33 | DEBUG | P02 | KAFKA_GROUP_ID                    = streaming-consumer-group-A
2026-05-23 09:12:33 | DEBUG | P02 | KAFKA_AUTO_OFFSET_RESET           = earliest
2026-05-23 09:12:33 | DEBUG | P02 | CONSUMER_TIMEOUT_SECONDS          = 10
2026-05-23 09:12:33 | DEBUG | P02 | CONSUMER_MAX_MESSAGES             = 1000
2026-05-23 09:12:33 | INFO | P02 | === RUN START ===
2026-05-23 09:12:33 | INFO | P02 | project=P02
2026-05-23 09:12:33 | INFO | P02 | repo_dir=streaming-02-kafka
2026-05-23 09:12:33 | INFO | P02 | python=3.14.2
2026-05-23 09:12:34 | INFO | P02 | os=Windows 11
2026-05-23 09:12:34 | INFO | P02 | shell=powershell
2026-05-23 09:12:34 | INFO | P02 | cwd=.
2026-05-23 09:12:34 | INFO | P02 | github_actions=False
2026-05-23 09:12:34 | INFO | P02 | ========================
2026-05-23 09:12:34 | INFO | P02 | START producer main()
2026-05-23 09:12:34 | INFO | P02 | ========================
2026-05-23 09:12:34 | INFO | P02 | ROOT_DIR = .
2026-05-23 09:12:34 | INFO | P02 | DATA_DIR = data
2026-05-23 09:12:34 | INFO | P02 | SALES_CSV = data\sales.csv
2026-05-23 09:12:34 | INFO | P02 | ========================
2026-05-23 09:12:34 | INFO | P02 | SECTION A. Acquire
2026-05-23 09:12:34 | INFO | P02 | ========================
2026-05-23 09:12:34 | INFO | P02 | Loading settings from .env...
2026-05-23 09:12:34 | INFO | P02 | KAFKA_BOOTSTRAP_SERVERS           = localhost:9092
2026-05-23 09:12:34 | INFO | P02 | KAFKA_TOPIC                       = streaming-02-kafka-case
2026-05-23 09:12:34 | INFO | P02 | PRODUCER_MESSAGE_COUNT            = 3
2026-05-23 09:12:34 | INFO | P02 | PRODUCER_MESSAGE_INTERVAL_SECONDS = 2.0
2026-05-23 09:12:34 | INFO | P02 | KAFKA_CLEAR_TOPIC_ON_START        = True
2026-05-23 09:12:34 | INFO | P02 | Verifying Kafka connection...
2026-05-23 09:12:34 | INFO | P02 | Kafka port is reachable.
2026-05-23 09:12:47 | INFO | P02 | ========================
2026-05-23 09:12:47 | INFO | P02 | SECTION P. Produce Messages
2026-05-23 09:12:47 | INFO | P02 | ========================
2026-05-23 09:12:47 | INFO | P02 | Sending messages...
2026-05-23 09:12:47 | INFO | P02 | Sending up to 3 message(s) to topic 'streaming-02-kafka-case'.
2026-05-23 09:12:47 | INFO | P02 | Watch each sale arrive. Press CTRL+C to stop early.

2026-05-23 09:12:47 | INFO | P02 | {
  order_id: e7324981-a9f0-419f-b708-d0a333451fff
  datetime: 2026-05-04T08:11:00Z
  region_id: US-TX
  currency_code: USD
  product_id: PY-STREAM-005
  unit_price: 59.99
  quantity: 3
  is_online: true
  customer_id: CUST-4150
  is_new_customer: false
  device_type: tablet
  payment_method: paypal
  referral_source: paid_search
  discount_code: 
  customer_note: Gift for my team
}
2026-05-23 09:12:47 | INFO | P02 |   Sending message with key=US-TX
2026-05-23 09:12:47 | INFO | P02 |   MESSAGE SENT  sent=1
2026-05-23 09:12:49 | INFO | P02 | {
  order_id: d61943e0-f543-4b5f-9c9a-18605ea4cfe5
  datetime: 2026-05-04T08:23:00Z
  region_id: US-TX
  currency_code: USD
  product_id: PY-DATA-002
  unit_price: 49.99
  quantity: 1
  is_online: true
  customer_id: CUST-1106
  is_new_customer: false
  device_type: mobile
  payment_method: paypal
  referral_source: paid_search
  discount_code: 
  customer_note: Gift for my team
}
2026-05-23 09:12:49 | INFO | P02 |   Sending message with key=US-TX
2026-05-23 09:12:49 | INFO | P02 |   MESSAGE SENT  sent=2
2026-05-23 09:12:51 | INFO | P02 | {
  order_id: 14da1915-8e74-47be-9e10-f7275d31af46
  datetime: 2026-05-04T08:28:00Z
  region_id: CA-QC
  currency_code: CAD
  product_id: PY-NLP-006
  unit_price: 54.99
  quantity: 1
  is_online: true
  customer_id: CUST-2133
  is_new_customer: false
  device_type: desktop
  payment_method: paypal
  referral_source: organic
  discount_code: 
  customer_note: Learning at my own pace
}
2026-05-23 09:12:51 | INFO | P02 |   Sending message with key=CA-QC
2026-05-23 09:12:51 | INFO | P02 |   MESSAGE SENT  sent=3
2026-05-23 09:12:53 | INFO | P02 | ========================
2026-05-23 09:12:53 | INFO | P02 | SECTION E. Exit
2026-05-23 09:12:53 | INFO | P02 | ========================
2026-05-23 09:12:53 | INFO | P02 | Summary:
2026-05-23 09:12:53 | INFO | P02 | Sent 3 message(s) to topic 'streaming-02-kafka-case'.
2026-05-23 09:12:53 | INFO | P02 | ========================
2026-05-23 09:12:53 | INFO | P02 | Producer executed successfully!
2026-05-23 09:12:53 | INFO | P02 | ========================
2026-05-23 09:12:59 | DEBUG | C02 | KAFKA_BOOTSTRAP_SERVERS           = localhost:9092
2026-05-23 09:12:59 | DEBUG | C02 | KAFKA_BROKER_ADDRESS_FAMILY       = v6
2026-05-23 09:12:59 | DEBUG | C02 | KAFKA_TOPIC                       = streaming-02-kafka-case
2026-05-23 09:12:59 | DEBUG | C02 | KAFKA_CLEAR_TOPIC_ON_START        = true
2026-05-23 09:12:59 | DEBUG | C02 | PRODUCER_MESSAGE_COUNT            = 3
2026-05-23 09:12:59 | DEBUG | C02 | PRODUCER_MESSAGE_INTERVAL_SECONDS = 2
2026-05-23 09:12:59 | DEBUG | C02 | PRODUCER_MAX_MESSAGES             = 50
2026-05-23 09:12:59 | DEBUG | C02 | PRODUCER_POLL_INTERVAL_SECONDS    = 15
2026-05-23 09:12:59 | DEBUG | C02 | KAFKA_GROUP_ID                    = streaming-consumer-group-A
2026-05-23 09:12:59 | DEBUG | C02 | KAFKA_AUTO_OFFSET_RESET           = earliest
2026-05-23 09:12:59 | DEBUG | C02 | CONSUMER_TIMEOUT_SECONDS          = 10
2026-05-23 09:12:59 | DEBUG | C02 | CONSUMER_MAX_MESSAGES             = 1000
2026-05-23 09:12:59 | DEBUG | P02 | KAFKA_BOOTSTRAP_SERVERS           = localhost:9092
2026-05-23 09:12:59 | DEBUG | P02 | KAFKA_BROKER_ADDRESS_FAMILY       = v6
2026-05-23 09:12:59 | DEBUG | P02 | KAFKA_TOPIC                       = streaming-02-kafka-case
2026-05-23 09:12:59 | DEBUG | P02 | KAFKA_CLEAR_TOPIC_ON_START        = true
2026-05-23 09:12:59 | DEBUG | P02 | PRODUCER_MESSAGE_COUNT            = 3
2026-05-23 09:12:59 | DEBUG | P02 | PRODUCER_MESSAGE_INTERVAL_SECONDS = 2
2026-05-23 09:12:59 | DEBUG | P02 | PRODUCER_MAX_MESSAGES             = 50
2026-05-23 09:12:59 | DEBUG | P02 | PRODUCER_POLL_INTERVAL_SECONDS    = 15
2026-05-23 09:12:59 | DEBUG | P02 | KAFKA_GROUP_ID                    = streaming-consumer-group-A
2026-05-23 09:12:59 | DEBUG | P02 | KAFKA_AUTO_OFFSET_RESET           = earliest
2026-05-23 09:12:59 | DEBUG | P02 | CONSUMER_TIMEOUT_SECONDS          = 10
2026-05-23 09:12:59 | DEBUG | P02 | CONSUMER_MAX_MESSAGES             = 1000
2026-05-23 09:12:59 | INFO | C02 | Processing raw message.
2026-05-23 09:18:12 | DEBUG | C02 | KAFKA_BOOTSTRAP_SERVERS           = localhost:9092
2026-05-23 09:18:12 | DEBUG | C02 | KAFKA_BROKER_ADDRESS_FAMILY       = v6
2026-05-23 09:18:12 | DEBUG | C02 | KAFKA_TOPIC                       = streaming-02-kafka-case
2026-05-23 09:18:12 | DEBUG | C02 | KAFKA_CLEAR_TOPIC_ON_START        = true
2026-05-23 09:18:12 | DEBUG | C02 | PRODUCER_MESSAGE_COUNT            = 3
2026-05-23 09:18:12 | DEBUG | C02 | PRODUCER_MESSAGE_INTERVAL_SECONDS = 2
2026-05-23 09:18:12 | DEBUG | C02 | PRODUCER_MAX_MESSAGES             = 50
2026-05-23 09:18:12 | DEBUG | C02 | PRODUCER_POLL_INTERVAL_SECONDS    = 15
2026-05-23 09:18:12 | DEBUG | C02 | KAFKA_GROUP_ID                    = streaming-consumer-group-A
2026-05-23 09:18:12 | DEBUG | C02 | KAFKA_AUTO_OFFSET_RESET           = earliest
2026-05-23 09:18:12 | DEBUG | C02 | CONSUMER_TIMEOUT_SECONDS          = 10
2026-05-23 09:18:12 | DEBUG | C02 | CONSUMER_MAX_MESSAGES             = 1000
2026-05-23 09:18:12 | INFO | C02 | === RUN START ===
2026-05-23 09:18:12 | INFO | C02 | project=C02
2026-05-23 09:18:12 | INFO | C02 | repo_dir=streaming-02-kafka
2026-05-23 09:18:12 | INFO | C02 | python=3.14.2
2026-05-23 09:18:12 | INFO | C02 | os=Windows 11
2026-05-23 09:18:12 | INFO | C02 | shell=powershell
2026-05-23 09:18:12 | INFO | C02 | cwd=.
2026-05-23 09:18:12 | INFO | C02 | github_actions=False
2026-05-23 09:18:12 | INFO | C02 | ========================
2026-05-23 09:18:12 | INFO | C02 | START consumer main()
2026-05-23 09:18:12 | INFO | C02 | ========================
2026-05-23 09:18:12 | INFO | C02 | ROOT_DIR = .
2026-05-23 09:18:12 | INFO | C02 | DATA_DIR = data
2026-05-23 09:18:12 | INFO | C02 | OUTPUT_CSV = data\output\consumed_sales.csv
2026-05-23 09:18:12 | INFO | C02 | ========================
2026-05-23 09:18:12 | INFO | C02 | SECTION A. Acquire
2026-05-23 09:18:12 | INFO | C02 | ========================
2026-05-23 09:18:12 | INFO | C02 | Loading settings from .env...
2026-05-23 09:18:12 | INFO | C02 | KAFKA_BOOTSTRAP_SERVERS  = localhost:9092
2026-05-23 09:18:12 | INFO | C02 | KAFKA_TOPIC              = streaming-02-kafka-case
2026-05-23 09:18:12 | INFO | C02 | KAFKA_GROUP_ID           = streaming-consumer-group-A
2026-05-23 09:18:12 | INFO | C02 | CONSUMER_TIMEOUT_SECONDS = 10.0
2026-05-23 09:18:12 | INFO | C02 | CONSUMER_MAX_MESSAGES    = 1000
2026-05-23 09:18:12 | INFO | C02 | Verifying Kafka connection...
2026-05-23 09:18:12 | INFO | C02 | Kafka port is reachable.
2026-05-23 09:18:12 | INFO | C02 | Verifying Kafka topic...
2026-05-23 09:18:12 | INFO | C02 | Topic 'streaming-02-kafka-case' exists.
2026-05-23 09:18:12 | INFO | C02 | Found 3 message(s) available.
2026-05-23 09:18:12 | INFO | C02 | Creating Kafka consumer...
2026-05-23 09:18:12 | INFO | C02 | Subscribed to topic: 'streaming-02-kafka-case' (reading from beginning)
2026-05-23 09:18:12 | INFO | C02 | ========================
2026-05-23 09:18:12 | INFO | C02 | SECTION C. Consume and Process Messages
2026-05-23 09:18:12 | INFO | C02 | ========================
2026-05-23 09:18:12 | INFO | C02 | Initializing output...
2026-05-23 09:18:12 | INFO | C02 | Output CSV cleared: consumed_sales.csv
2026-05-23 09:18:12 | INFO | C02 | Consuming messages...
2026-05-23 09:18:12 | INFO | C02 | Waiting for up to 1000 message(s).
2026-05-23 09:18:12 | INFO | C02 | Press CTRL+C to stop early.

2026-05-23 09:18:18 | INFO | C02 | {'currency_code': 'USD', 'customer_id': 'CUST-4150', 'customer_note': 'Gift for my team', 'datetime': '2026-05-04T08:11:00Z', 'device_type': 'tablet', 'discount_code': '', 'is_new_customer': 'false', 'is_online': 'true', 'order_id': 'e7324981-a9f0-419f-b708-d0a333451fff', 'payment_method': 'paypal', 'product_id': 'PY-STREAM-005', 'quantity': '3', 'referral_source': 'paid_search', 'region_id': 'US-TX', 'unit_price': '59.99', '_kafka_key': 'US-TX', '_kafka_partition': 0, '_kafka_offset': 0}
2026-05-23 09:18:18 | INFO | C02 | Processing raw message.
2026-05-23 09:18:18 | INFO | C02 | MESSAGE CONSUMED
2026-05-23 09:18:18 | INFO | C02 | consumed=1
2026-05-23 09:18:18 | INFO | C02 | {'currency_code': 'USD', 'customer_id': 'CUST-1106', 'customer_note': 'Gift for my team', 'datetime': '2026-05-04T08:23:00Z', 'device_type': 'mobile', 'discount_code': '', 'is_new_customer': 'false', 'is_online': 'true', 'order_id': 'd61943e0-f543-4b5f-9c9a-18605ea4cfe5', 'payment_method': 'paypal', 'product_id': 'PY-DATA-002', 'quantity': '1', 'referral_source': 'paid_search', 'region_id': 'US-TX', 'unit_price': '49.99', '_kafka_key': 'US-TX', '_kafka_partition': 0, '_kafka_offset': 1}
2026-05-23 09:18:18 | INFO | C02 | Processing raw message.
2026-05-23 09:18:18 | INFO | C02 | MESSAGE CONSUMED
2026-05-23 09:18:18 | INFO | C02 | consumed=2
2026-05-23 09:18:18 | INFO | C02 | {'currency_code': 'CAD', 'customer_id': 'CUST-2133', 'customer_note': 'Learning at my own pace', 'datetime': '2026-05-04T08:28:00Z', 'device_type': 'desktop', 'discount_code': '', 'is_new_customer': 'false', 'is_online': 'true', 'order_id': '14da1915-8e74-47be-9e10-f7275d31af46', 'payment_method': 'paypal', 'product_id': 'PY-NLP-006', 'quantity': '1', 'referral_source': 'organic', 'region_id': 'CA-QC', 'unit_price': '54.99', '_kafka_key': 'CA-QC', '_kafka_partition': 0, '_kafka_offset': 2}
2026-05-23 09:18:18 | INFO | C02 | Processing raw message.
2026-05-23 09:18:18 | INFO | C02 | MESSAGE CONSUMED
2026-05-23 09:18:18 | INFO | C02 | consumed=3
2026-05-23 09:18:28 | INFO | C02 | No message received within 10.0s timeout.
2026-05-23 09:18:28 | INFO | C02 | Producer finished or paused. Stopping consumer.
2026-05-23 09:18:28 | INFO | C02 | Kafka consumer closed.
2026-05-23 09:18:28 | INFO | C02 | ========================
2026-05-23 09:18:28 | INFO | C02 | SECTION E. Exit
2026-05-23 09:18:28 | INFO | C02 | ========================
2026-05-23 09:18:28 | INFO | C02 | Summary:
2026-05-23 09:18:28 | INFO | C02 | Consumed 3 message(s) from topic 'streaming-02-kafka-case'.
2026-05-23 09:18:28 | INFO | C02 | OUTPUT_CSV = data\output\consumed_sales.csv
2026-05-23 09:18:28 | INFO | C02 | ========================
2026-05-23 09:18:28 | INFO | C02 | Consumer executed successfully!
2026-05-23 09:18:28 | INFO | C02 | ========================
2026-05-25 11:16:02 | DEBUG | P02 | KAFKA_BOOTSTRAP_SERVERS           = localhost:9092
2026-05-25 11:16:02 | DEBUG | P02 | KAFKA_BROKER_ADDRESS_FAMILY       = v6
2026-05-25 11:16:02 | DEBUG | P02 | KAFKA_TOPIC                       = streaming-02-kafka-reed
2026-05-25 11:16:02 | DEBUG | P02 | KAFKA_CLEAR_TOPIC_ON_START        = true
2026-05-25 11:16:02 | DEBUG | P02 | PRODUCER_MESSAGE_COUNT            = 10
2026-05-25 11:16:02 | DEBUG | P02 | PRODUCER_MESSAGE_INTERVAL_SECONDS = 1
2026-05-25 11:16:02 | DEBUG | P02 | PRODUCER_MAX_MESSAGES             = 50
2026-05-25 11:16:02 | DEBUG | P02 | PRODUCER_POLL_INTERVAL_SECONDS    = 15
2026-05-25 11:16:02 | DEBUG | P02 | KAFKA_GROUP_ID                    = streaming-consumer-group-A
2026-05-25 11:16:02 | DEBUG | P02 | KAFKA_AUTO_OFFSET_RESET           = earliest
2026-05-25 11:16:02 | DEBUG | P02 | CONSUMER_TIMEOUT_SECONDS          = 10
2026-05-25 11:16:02 | DEBUG | P02 | CONSUMER_MAX_MESSAGES             = 1000
2026-05-25 11:16:02 | INFO | P02 | === RUN START ===
2026-05-25 11:16:02 | INFO | P02 | project=P02
2026-05-25 11:16:02 | INFO | P02 | repo_dir=streaming-02-kafka
2026-05-25 11:16:02 | INFO | P02 | python=3.14.2
2026-05-25 11:16:02 | INFO | P02 | os=Windows 11
2026-05-25 11:16:02 | INFO | P02 | shell=powershell
2026-05-25 11:16:02 | INFO | P02 | cwd=.
2026-05-25 11:16:02 | INFO | P02 | github_actions=False
2026-05-25 11:16:02 | INFO | P02 | ========================
2026-05-25 11:16:02 | INFO | P02 | START producer main()
2026-05-25 11:16:02 | INFO | P02 | ========================
2026-05-25 11:16:02 | INFO | P02 | ROOT_DIR = .
2026-05-25 11:16:02 | INFO | P02 | DATA_DIR = data
2026-05-25 11:16:02 | INFO | P02 | SALES_CSV = data\sales.csv
2026-05-25 11:16:02 | INFO | P02 | ========================
2026-05-25 11:16:02 | INFO | P02 | SECTION A. Acquire
2026-05-25 11:16:02 | INFO | P02 | ========================
2026-05-25 11:16:02 | INFO | P02 | Loading settings from .env...
2026-05-25 11:16:02 | INFO | P02 | KAFKA_BOOTSTRAP_SERVERS           = localhost:9092
2026-05-25 11:16:02 | INFO | P02 | KAFKA_TOPIC                       = streaming-02-kafka-reed
2026-05-25 11:16:02 | INFO | P02 | PRODUCER_MESSAGE_COUNT            = 10
2026-05-25 11:16:02 | INFO | P02 | PRODUCER_MESSAGE_INTERVAL_SECONDS = 1.0
2026-05-25 11:16:02 | INFO | P02 | KAFKA_CLEAR_TOPIC_ON_START        = True
2026-05-25 11:16:02 | INFO | P02 | Verifying Kafka connection...
2026-05-25 11:16:02 | INFO | P02 | Kafka port is reachable.
2026-05-25 11:16:02 | INFO | P02 | ========================
2026-05-25 11:16:02 | INFO | P02 | SECTION P. Produce Messages
2026-05-25 11:16:02 | INFO | P02 | ========================
2026-05-25 11:16:02 | INFO | P02 | Sending messages...
2026-05-25 11:16:02 | INFO | P02 | Sending up to 10 message(s) to topic 'streaming-02-kafka-reed'.
2026-05-25 11:16:02 | INFO | P02 | Watch each sale arrive. Press CTRL+C to stop early.

2026-05-25 11:16:02 | INFO | P02 | {
  order_id: e7324981-a9f0-419f-b708-d0a333451fff
  datetime: 2026-05-04T08:11:00Z
  region_id: US-TX
  currency_code: USD
  product_id: PY-STREAM-005
  unit_price: 59.99
  quantity: 3
  is_online: true
  customer_id: CUST-4150
  is_new_customer: false
  device_type: tablet
  payment_method: paypal
  referral_source: paid_search
  discount_code: 
  customer_note: Gift for my team
}
2026-05-25 11:16:02 | INFO | P02 |   Sending message with key=US-TX
2026-05-25 11:16:02 | INFO | P02 |   MESSAGE SENT  sent=1
2026-05-25 11:16:03 | INFO | P02 | {
  order_id: d61943e0-f543-4b5f-9c9a-18605ea4cfe5
  datetime: 2026-05-04T08:23:00Z
  region_id: US-TX
  currency_code: USD
  product_id: PY-DATA-002
  unit_price: 49.99
  quantity: 1
  is_online: true
  customer_id: CUST-1106
  is_new_customer: false
  device_type: mobile
  payment_method: paypal
  referral_source: paid_search
  discount_code: 
  customer_note: Gift for my team
}
2026-05-25 11:16:03 | INFO | P02 |   Sending message with key=US-TX
2026-05-25 11:16:04 | INFO | P02 |   MESSAGE SENT  sent=2
2026-05-25 11:16:05 | INFO | P02 | {
  order_id: 14da1915-8e74-47be-9e10-f7275d31af46
  datetime: 2026-05-04T08:28:00Z
  region_id: CA-QC
  currency_code: CAD
  product_id: PY-NLP-006
  unit_price: 54.99
  quantity: 1
  is_online: true
  customer_id: CUST-2133
  is_new_customer: false
  device_type: desktop
  payment_method: paypal
  referral_source: organic
  discount_code: 
  customer_note: Learning at my own pace
}
2026-05-25 11:16:05 | INFO | P02 |   Sending message with key=CA-QC
2026-05-25 11:16:05 | INFO | P02 |   MESSAGE SENT  sent=3
2026-05-25 11:16:06 | INFO | P02 | {
  order_id: d77ed935-9b28-431d-bc25-0a3fd98f4154
  datetime: 2026-05-04T08:40:00Z
  region_id: US-CA
  currency_code: USD
  product_id: PY-STREAM-005
  unit_price: 59.99
  quantity: 1
  is_online: true
  customer_id: CUST-5333
  is_new_customer: false
  device_type: mobile
  payment_method: paypal
  referral_source: organic
  discount_code: 
  customer_note: Highly recommend
}
2026-05-25 11:16:06 | INFO | P02 |   Sending message with key=US-CA
2026-05-25 11:16:06 | INFO | P02 |   MESSAGE SENT  sent=4
2026-05-25 11:16:07 | INFO | P02 | {
  order_id: 24b91995-25f8-4ad7-8fa6-2e4c15750e5e
  datetime: 2026-05-04T08:41:00Z
  region_id: US-MO
  currency_code: USD
  product_id: PY-VIZ-003
  unit_price: 39.99
  quantity: 1
  is_online: true
  customer_id: CUST-8573
  is_new_customer: false
  device_type: mobile
  payment_method: apple_pay
  referral_source: paid_search
  discount_code: 
  customer_note: Learning at my own pace
}
2026-05-25 11:16:07 | INFO | P02 |   Sending message with key=US-MO
2026-05-25 11:16:07 | INFO | P02 |   MESSAGE SENT  sent=5
2026-05-25 11:16:08 | INFO | P02 | {
  order_id: 1ec0fc8b-998c-4f43-8a66-19e1fa7d5fa8
  datetime: 2026-05-04T08:54:00Z
  region_id: CA-ON
  currency_code: CAD
  product_id: PY-SQL-004
  unit_price: 44.99
  quantity: 1
  is_online: true
  customer_id: CUST-8062
  is_new_customer: false
  device_type: tablet
  payment_method: paypal
  referral_source: organic
  discount_code: 
  customer_note: 
}
2026-05-25 11:16:08 | INFO | P02 |   Sending message with key=CA-ON
2026-05-25 11:16:08 | INFO | P02 |   MESSAGE SENT  sent=6
2026-05-25 11:16:09 | INFO | P02 | {
  order_id: 392dd49b-b385-499c-9b4a-a38387fa39ae
  datetime: 2026-05-04T09:07:00Z
  region_id: CA-ON
  currency_code: CAD
  product_id: PY-INTRO-001
  unit_price: 29.99
  quantity: 1
  is_online: false
  customer_id: CUST-9348
  is_new_customer: false
  device_type: desktop
  payment_method: credit_card
  referral_source: paid_search
  discount_code: 
  customer_note: For my study group
}
2026-05-25 11:16:09 | INFO | P02 |   Sending message with key=CA-ON
2026-05-25 11:16:09 | INFO | P02 |   MESSAGE SENT  sent=7
2026-05-25 11:16:10 | INFO | P02 | {
  order_id: 02782ab7-dd7d-4ebe-8abc-ef81cdc4193b
  datetime: 2026-05-04T09:15:00Z
  region_id: US-CA
  currency_code: USD
  product_id: PY-VIZ-003
  unit_price: 39.99
  quantity: 1
  is_online: true
  customer_id: CUST-5889
  is_new_customer: false
  device_type: tablet
  payment_method: paypal
  referral_source: organic
  discount_code: 
  customer_note: 
}
2026-05-25 11:16:10 | INFO | P02 |   Sending message with key=US-CA
2026-05-25 11:16:10 | INFO | P02 |   MESSAGE SENT  sent=8
2026-05-25 11:16:11 | INFO | P02 | {
  order_id: 67bd3492-cc96-429a-9a91-1b4d2132d261
  datetime: 2026-05-04T09:19:00Z
  region_id: CA-ON
  currency_code: CAD
  product_id: PY-VIZ-003
  unit_price: 39.99
  quantity: 1
  is_online: true
  customer_id: CUST-4770
  is_new_customer: false
  device_type: desktop
  payment_method: credit_card
  referral_source: paid_search
  discount_code: 
  customer_note: Excellent content
}
2026-05-25 11:16:11 | INFO | P02 |   Sending message with key=CA-ON
2026-05-25 11:16:11 | INFO | P02 |   MESSAGE SENT  sent=9
2026-05-25 11:16:12 | INFO | P02 | {
  order_id: 0a021628-6937-4876-8875-b00c07a39e0f
  datetime: 2026-05-04T09:37:00Z
  region_id: MX-CMX
  currency_code: MXN
  product_id: PY-DATA-002
  unit_price: 49.99
  quantity: 1
  is_online: true
  customer_id: CUST-6168
  is_new_customer: false
  device_type: desktop
  payment_method: paypal
  referral_source: organic
  discount_code: 
  customer_note: 
}
2026-05-25 11:16:12 | INFO | P02 |   Sending message with key=MX-CMX
2026-05-25 11:16:12 | INFO | P02 |   MESSAGE SENT  sent=10
2026-05-25 11:16:13 | INFO | P02 | ========================
2026-05-25 11:16:13 | INFO | P02 | SECTION E. Exit
2026-05-25 11:16:13 | INFO | P02 | ========================
2026-05-25 11:16:13 | INFO | P02 | Summary:
2026-05-25 11:16:13 | INFO | P02 | Sent 10 message(s) to topic 'streaming-02-kafka-reed'.
2026-05-25 11:16:13 | INFO | P02 | ========================
2026-05-25 11:16:13 | INFO | P02 | Producer executed successfully!
2026-05-25 11:16:13 | INFO | P02 | ========================
2026-05-25 11:16:40 | DEBUG | C02 | KAFKA_BOOTSTRAP_SERVERS           = localhost:9092
2026-05-25 11:16:40 | DEBUG | C02 | KAFKA_BROKER_ADDRESS_FAMILY       = v6
2026-05-25 11:16:40 | DEBUG | C02 | KAFKA_TOPIC                       = streaming-02-kafka-reed
2026-05-25 11:16:40 | DEBUG | C02 | KAFKA_CLEAR_TOPIC_ON_START        = true
2026-05-25 11:16:40 | DEBUG | C02 | PRODUCER_MESSAGE_COUNT            = 10
2026-05-25 11:16:40 | DEBUG | C02 | PRODUCER_MESSAGE_INTERVAL_SECONDS = 1
2026-05-25 11:16:40 | DEBUG | C02 | PRODUCER_MAX_MESSAGES             = 50
2026-05-25 11:16:40 | DEBUG | C02 | PRODUCER_POLL_INTERVAL_SECONDS    = 15
2026-05-25 11:16:40 | DEBUG | C02 | KAFKA_GROUP_ID                    = streaming-consumer-group-A
2026-05-25 11:16:40 | DEBUG | C02 | KAFKA_AUTO_OFFSET_RESET           = earliest
2026-05-25 11:16:40 | DEBUG | C02 | CONSUMER_TIMEOUT_SECONDS          = 10
2026-05-25 11:16:40 | DEBUG | C02 | CONSUMER_MAX_MESSAGES             = 1000
2026-05-25 11:16:40 | INFO | C02 | === RUN START ===
2026-05-25 11:16:40 | INFO | C02 | project=C02
2026-05-25 11:16:40 | INFO | C02 | repo_dir=streaming-02-kafka
2026-05-25 11:16:40 | INFO | C02 | python=3.14.2
2026-05-25 11:16:40 | INFO | C02 | os=Windows 11
2026-05-25 11:16:40 | INFO | C02 | shell=powershell
2026-05-25 11:16:40 | INFO | C02 | cwd=.
2026-05-25 11:16:40 | INFO | C02 | github_actions=False
2026-05-25 11:16:40 | INFO | C02 | ========================
2026-05-25 11:16:40 | INFO | C02 | START consumer main()
2026-05-25 11:16:40 | INFO | C02 | ========================
2026-05-25 11:16:40 | INFO | C02 | ROOT_DIR = .
2026-05-25 11:16:40 | INFO | C02 | DATA_DIR = data
2026-05-25 11:16:40 | INFO | C02 | OUTPUT_CSV = data\output\consumed_sales.csv
2026-05-25 11:16:40 | INFO | C02 | ========================
2026-05-25 11:16:40 | INFO | C02 | SECTION A. Acquire
2026-05-25 11:16:40 | INFO | C02 | ========================
2026-05-25 11:16:40 | INFO | C02 | Loading settings from .env...
2026-05-25 11:16:40 | INFO | C02 | KAFKA_BOOTSTRAP_SERVERS  = localhost:9092
2026-05-25 11:16:40 | INFO | C02 | KAFKA_TOPIC              = streaming-02-kafka-reed
2026-05-25 11:16:40 | INFO | C02 | KAFKA_GROUP_ID           = streaming-consumer-group-A
2026-05-25 11:16:40 | INFO | C02 | CONSUMER_TIMEOUT_SECONDS = 10.0
2026-05-25 11:16:40 | INFO | C02 | CONSUMER_MAX_MESSAGES    = 1000
2026-05-25 11:16:40 | INFO | C02 | Verifying Kafka connection...
2026-05-25 11:16:40 | INFO | C02 | Kafka port is reachable.
2026-05-25 11:16:40 | INFO | C02 | Verifying Kafka topic...
2026-05-25 11:16:49 | INFO | C02 | Topic 'streaming-02-kafka-reed' exists.
2026-05-25 11:16:49 | INFO | C02 | Found 10 message(s) available.
2026-05-25 11:16:49 | INFO | C02 | Creating Kafka consumer...
2026-05-25 11:16:49 | INFO | C02 | Subscribed to topic: 'streaming-02-kafka-reed' (reading from beginning)
2026-05-25 11:16:49 | INFO | C02 | ========================
2026-05-25 11:16:49 | INFO | C02 | SECTION C. Consume and Process Messages
2026-05-25 11:16:49 | INFO | C02 | ========================
2026-05-25 11:16:49 | INFO | C02 | Initializing output...
2026-05-25 11:16:49 | INFO | C02 | Output CSV cleared: consumed_sales.csv
2026-05-25 11:16:49 | INFO | C02 | Consuming messages...
2026-05-25 11:16:49 | INFO | C02 | Waiting for up to 1000 message(s).
2026-05-25 11:16:49 | INFO | C02 | Press CTRL+C to stop early.

2026-05-25 11:16:53 | INFO | C02 | {'currency_code': 'USD', 'customer_id': 'CUST-4150', 'customer_note': 'Gift for my team', 'datetime': '2026-05-04T08:11:00Z', 'device_type': 'tablet', 'discount_code': '', 'is_new_customer': 'false', 'is_online': 'true', 'order_id': 'e7324981-a9f0-419f-b708-d0a333451fff', 'payment_method': 'paypal', 'product_id': 'PY-STREAM-005', 'quantity': '3', 'referral_source': 'paid_search', 'region_id': 'US-TX', 'unit_price': '59.99', '_kafka_key': 'US-TX', '_kafka_partition': 0, '_kafka_offset': 0}
2026-05-25 11:16:53 | INFO | C02 | Processing raw message.
2026-05-25 11:16:53 | INFO | C02 | MESSAGE CONSUMED
2026-05-25 11:16:53 | INFO | C02 | consumed=1
2026-05-25 11:16:53 | INFO | C02 | {'currency_code': 'USD', 'customer_id': 'CUST-1106', 'customer_note': 'Gift for my team', 'datetime': '2026-05-04T08:23:00Z', 'device_type': 'mobile', 'discount_code': '', 'is_new_customer': 'false', 'is_online': 'true', 'order_id': 'd61943e0-f543-4b5f-9c9a-18605ea4cfe5', 'payment_method': 'paypal', 'product_id': 'PY-DATA-002', 'quantity': '1', 'referral_source': 'paid_search', 'region_id': 'US-TX', 'unit_price': '49.99', '_kafka_key': 'US-TX', '_kafka_partition': 0, '_kafka_offset': 1}
2026-05-25 11:16:53 | INFO | C02 | Processing raw message.
2026-05-25 11:16:53 | INFO | C02 | MESSAGE CONSUMED
2026-05-25 11:16:53 | INFO | C02 | consumed=2
2026-05-25 11:16:53 | INFO | C02 | {'currency_code': 'CAD', 'customer_id': 'CUST-2133', 'customer_note': 'Learning at my own pace', 'datetime': '2026-05-04T08:28:00Z', 'device_type': 'desktop', 'discount_code': '', 'is_new_customer': 'false', 'is_online': 'true', 'order_id': '14da1915-8e74-47be-9e10-f7275d31af46', 'payment_method': 'paypal', 'product_id': 'PY-NLP-006', 'quantity': '1', 'referral_source': 'organic', 'region_id': 'CA-QC', 'unit_price': '54.99', '_kafka_key': 'CA-QC', '_kafka_partition': 0, '_kafka_offset': 2}
2026-05-25 11:16:53 | INFO | C02 | Processing raw message.
2026-05-25 11:16:53 | INFO | C02 | MESSAGE CONSUMED
2026-05-25 11:16:53 | INFO | C02 | consumed=3
2026-05-25 11:16:53 | INFO | C02 | {'currency_code': 'USD', 'customer_id': 'CUST-5333', 'customer_note': 'Highly recommend', 'datetime': '2026-05-04T08:40:00Z', 'device_type': 'mobile', 'discount_code': '', 'is_new_customer': 'false', 'is_online': 'true', 'order_id': 'd77ed935-9b28-431d-bc25-0a3fd98f4154', 'payment_method': 'paypal', 'product_id': 'PY-STREAM-005', 'quantity': '1', 'referral_source': 'organic', 'region_id': 'US-CA', 'unit_price': '59.99', '_kafka_key': 'US-CA', '_kafka_partition': 0, '_kafka_offset': 3}
2026-05-25 11:16:53 | INFO | C02 | Processing raw message.
2026-05-25 11:16:53 | INFO | C02 | MESSAGE CONSUMED
2026-05-25 11:16:53 | INFO | C02 | consumed=4
2026-05-25 11:16:53 | INFO | C02 | {'currency_code': 'USD', 'customer_id': 'CUST-8573', 'customer_note': 'Learning at my own pace', 'datetime': '2026-05-04T08:41:00Z', 'device_type': 'mobile', 'discount_code': '', 'is_new_customer': 'false', 'is_online': 'true', 'order_id': '24b91995-25f8-4ad7-8fa6-2e4c15750e5e', 'payment_method': 'apple_pay', 'product_id': 'PY-VIZ-003', 'quantity': '1', 'referral_source': 'paid_search', 'region_id': 'US-MO', 'unit_price': '39.99', '_kafka_key': 'US-MO', '_kafka_partition': 0, '_kafka_offset': 4}
2026-05-25 11:16:53 | INFO | C02 | Processing raw message.
2026-05-25 11:16:53 | INFO | C02 | MESSAGE CONSUMED
2026-05-25 11:16:53 | INFO | C02 | consumed=5
2026-05-25 11:16:53 | INFO | C02 | {'currency_code': 'CAD', 'customer_id': 'CUST-8062', 'customer_note': '', 'datetime': '2026-05-04T08:54:00Z', 'device_type': 'tablet', 'discount_code': '', 'is_new_customer': 'false', 'is_online': 'true', 'order_id': '1ec0fc8b-998c-4f43-8a66-19e1fa7d5fa8', 'payment_method': 'paypal', 'product_id': 'PY-SQL-004', 'quantity': '1', 'referral_source': 'organic', 'region_id': 'CA-ON', 'unit_price': '44.99', '_kafka_key': 'CA-ON', '_kafka_partition': 0, '_kafka_offset': 5}
2026-05-25 11:16:53 | INFO | C02 | Processing raw message.
2026-05-25 11:16:53 | INFO | C02 | MESSAGE CONSUMED
2026-05-25 11:16:53 | INFO | C02 | consumed=6
2026-05-25 11:16:53 | INFO | C02 | {'currency_code': 'CAD', 'customer_id': 'CUST-9348', 'customer_note': 'For my study group', 'datetime': '2026-05-04T09:07:00Z', 'device_type': 'desktop', 'discount_code': '', 'is_new_customer': 'false', 'is_online': 'false', 'order_id': '392dd49b-b385-499c-9b4a-a38387fa39ae', 'payment_method': 'credit_card', 'product_id': 'PY-INTRO-001', 'quantity': '1', 'referral_source': 'paid_search', 'region_id': 'CA-ON', 'unit_price': '29.99', '_kafka_key': 'CA-ON', '_kafka_partition': 0, '_kafka_offset': 6}
2026-05-25 11:16:53 | INFO | C02 | Processing raw message.
2026-05-25 11:16:53 | INFO | C02 | MESSAGE CONSUMED
2026-05-25 11:16:53 | INFO | C02 | consumed=7
2026-05-25 11:16:53 | INFO | C02 | {'currency_code': 'USD', 'customer_id': 'CUST-5889', 'customer_note': '', 'datetime': '2026-05-04T09:15:00Z', 'device_type': 'tablet', 'discount_code': '', 'is_new_customer': 'false', 'is_online': 'true', 'order_id': '02782ab7-dd7d-4ebe-8abc-ef81cdc4193b', 'payment_method': 'paypal', 'product_id': 'PY-VIZ-003', 'quantity': '1', 'referral_source': 'organic', 'region_id': 'US-CA', 'unit_price': '39.99', '_kafka_key': 'US-CA', '_kafka_partition': 0, '_kafka_offset': 7}
2026-05-25 11:16:53 | INFO | C02 | Processing raw message.
2026-05-25 11:16:53 | INFO | C02 | MESSAGE CONSUMED
2026-05-25 11:16:53 | INFO | C02 | consumed=8
2026-05-25 11:16:53 | INFO | C02 | {'currency_code': 'CAD', 'customer_id': 'CUST-4770', 'customer_note': 'Excellent content', 'datetime': '2026-05-04T09:19:00Z', 'device_type': 'desktop', 'discount_code': '', 'is_new_customer': 'false', 'is_online': 'true', 'order_id': '67bd3492-cc96-429a-9a91-1b4d2132d261', 'payment_method': 'credit_card', 'product_id': 'PY-VIZ-003', 'quantity': '1', 'referral_source': 'paid_search', 'region_id': 'CA-ON', 'unit_price': '39.99', '_kafka_key': 'CA-ON', '_kafka_partition': 0, '_kafka_offset': 8}
2026-05-25 11:16:53 | INFO | C02 | Processing raw message.
2026-05-25 11:16:53 | INFO | C02 | MESSAGE CONSUMED
2026-05-25 11:16:53 | INFO | C02 | consumed=9
2026-05-25 11:16:53 | INFO | C02 | {'currency_code': 'MXN', 'customer_id': 'CUST-6168', 'customer_note': '', 'datetime': '2026-05-04T09:37:00Z', 'device_type': 'desktop', 'discount_code': '', 'is_new_customer': 'false', 'is_online': 'true', 'order_id': '0a021628-6937-4876-8875-b00c07a39e0f', 'payment_method': 'paypal', 'product_id': 'PY-DATA-002', 'quantity': '1', 'referral_source': 'organic', 'region_id': 'MX-CMX', 'unit_price': '49.99', '_kafka_key': 'MX-CMX', '_kafka_partition': 0, '_kafka_offset': 9}
2026-05-25 11:16:53 | INFO | C02 | Processing raw message.
2026-05-25 11:16:53 | INFO | C02 | MESSAGE CONSUMED
2026-05-25 11:16:53 | INFO | C02 | consumed=10
2026-05-25 11:17:03 | INFO | C02 | No message received within 10.0s timeout.
2026-05-25 11:17:03 | INFO | C02 | Producer finished or paused. Stopping consumer.
2026-05-25 11:17:03 | INFO | C02 | Kafka consumer closed.
2026-05-25 11:17:03 | INFO | C02 | ========================
2026-05-25 11:17:03 | INFO | C02 | SECTION E. Exit
2026-05-25 11:17:03 | INFO | C02 | ========================
2026-05-25 11:17:03 | INFO | C02 | Summary:
2026-05-25 11:17:03 | INFO | C02 | Consumed 10 message(s) from topic 'streaming-02-kafka-reed'.
2026-05-25 11:17:03 | INFO | C02 | OUTPUT_CSV = data\output\consumed_sales.csv
2026-05-25 11:17:03 | INFO | C02 | ========================
2026-05-25 11:17:03 | INFO | C02 | Consumer executed successfully!
2026-05-25 11:17:03 | INFO | C02 | ========================
2026-05-26 05:56:01 | DEBUG | P02 | KAFKA_BOOTSTRAP_SERVERS           = localhost:9092
2026-05-26 05:56:01 | DEBUG | P02 | KAFKA_BROKER_ADDRESS_FAMILY       = v6
2026-05-26 05:56:01 | DEBUG | P02 | KAFKA_TOPIC                       = streaming-02-kafka-reed
2026-05-26 05:56:01 | DEBUG | P02 | KAFKA_CLEAR_TOPIC_ON_START        = true
2026-05-26 05:56:01 | DEBUG | P02 | PRODUCER_MESSAGE_COUNT            = 10
2026-05-26 05:56:01 | DEBUG | P02 | PRODUCER_MESSAGE_INTERVAL_SECONDS = 1
2026-05-26 05:56:01 | DEBUG | P02 | PRODUCER_MAX_MESSAGES             = 50
2026-05-26 05:56:01 | DEBUG | P02 | PRODUCER_POLL_INTERVAL_SECONDS    = 15
2026-05-26 05:56:01 | DEBUG | P02 | KAFKA_GROUP_ID                    = streaming-consumer-group-A
2026-05-26 05:56:01 | DEBUG | P02 | KAFKA_AUTO_OFFSET_RESET           = earliest
2026-05-26 05:56:01 | DEBUG | P02 | CONSUMER_TIMEOUT_SECONDS          = 10
2026-05-26 05:56:01 | DEBUG | P02 | CONSUMER_MAX_MESSAGES             = 1000
2026-05-26 05:56:01 | DEBUG | P02 | INPUT_CSV_NAME                    = transactions.csv
2026-05-26 05:56:01 | DEBUG | P02 | OUTPUT_CSV_NAME                   = consumed_transactions.csv
2026-05-26 05:56:01 | INFO | P02 | === RUN START ===
2026-05-26 05:56:01 | INFO | P02 | project=P02
2026-05-26 05:56:01 | INFO | P02 | repo_dir=streaming-02-kafka
2026-05-26 05:56:01 | INFO | P02 | python=3.14.2
2026-05-26 05:56:01 | INFO | P02 | os=Windows 11
2026-05-26 05:56:01 | INFO | P02 | shell=powershell
2026-05-26 05:56:01 | INFO | P02 | cwd=.
2026-05-26 05:56:01 | INFO | P02 | github_actions=False
2026-05-26 05:56:01 | INFO | P02 | ========================
2026-05-26 05:56:01 | INFO | P02 | START producer main()
2026-05-26 05:56:01 | INFO | P02 | ========================
2026-05-26 05:56:01 | INFO | P02 | ROOT_DIR = .
2026-05-26 05:56:01 | INFO | P02 | DATA_DIR = data
2026-05-26 05:56:01 | INFO | P02 | SALES_CSV = data\transactions.csv
2026-05-26 05:56:01 | INFO | P02 | ========================
2026-05-26 05:56:01 | INFO | P02 | SECTION A. Acquire
2026-05-26 05:56:01 | INFO | P02 | ========================
2026-05-26 05:56:01 | INFO | P02 | Loading settings from .env...
2026-05-26 05:56:01 | INFO | P02 | KAFKA_BOOTSTRAP_SERVERS           = localhost:9092
2026-05-26 05:56:01 | INFO | P02 | KAFKA_TOPIC                       = streaming-02-kafka-reed
2026-05-26 05:56:01 | INFO | P02 | PRODUCER_MESSAGE_COUNT            = 10
2026-05-26 05:56:01 | INFO | P02 | PRODUCER_MESSAGE_INTERVAL_SECONDS = 1.0
2026-05-26 05:56:01 | INFO | P02 | KAFKA_CLEAR_TOPIC_ON_START        = True
2026-05-26 05:56:01 | INFO | P02 | Verifying Kafka connection...
2026-05-26 05:56:01 | INFO | P02 | Kafka port is reachable.
2026-05-26 05:56:10 | INFO | P02 | ========================
2026-05-26 05:56:10 | INFO | P02 | SECTION P. Produce Messages
2026-05-26 05:56:10 | INFO | P02 | ========================
2026-05-26 05:56:10 | INFO | P02 | Sending messages...
2026-05-26 05:56:10 | INFO | P02 | Sending up to 10 message(s) to topic 'streaming-02-kafka-reed'.
2026-05-26 05:56:10 | INFO | P02 | Watch each sale arrive. Press CTRL+C to stop early.

2026-05-26 05:56:10 | INFO | P02 | {
  type: PAYMENT
  amount: 9839.64
  nameOrig: C1231006815
  oldbalanceOrg: 170136
  newbalanceOrig: 160296.36
  nameDest: M1979787155
  oldbalanceDest: 0
  newbalanceDest: 0
}
2026-05-26 05:56:10 | ERROR | P02 | '!!!!!!!!!!!!!!!!!!!!!!!!!!!!!!!!!\nThe project read the CSV file,\nbut an expected column was not present.\nRequired CSV field missing:\n    region_id\n\nAvailable fields were:\n    type, amount, nameOrig, oldbalanceOrg, newbalanceOrig, nameDest, oldbalanceDest, newbalanceDest\n\nCHECK:\n1. Open data/sales.csv.\n2. Confirm the header row includes: region_id\n3. Header names must match exactly.\n!!!!!!!!!!!!!!!!!!!!!!!!!!!!!!!!!'
2026-05-26 05:56:10 | ERROR | P02 | Producer stopped before completing all messages.
2026-05-26 06:00:38 | DEBUG | P02 | KAFKA_BOOTSTRAP_SERVERS           = localhost:9092
2026-05-26 06:00:38 | DEBUG | P02 | KAFKA_BROKER_ADDRESS_FAMILY       = v6
2026-05-26 06:00:38 | DEBUG | P02 | KAFKA_TOPIC                       = streaming-02-kafka-reed
2026-05-26 06:00:38 | DEBUG | P02 | KAFKA_CLEAR_TOPIC_ON_START        = true
2026-05-26 06:00:38 | DEBUG | P02 | PRODUCER_MESSAGE_COUNT            = 10
2026-05-26 06:00:38 | DEBUG | P02 | PRODUCER_MESSAGE_INTERVAL_SECONDS = 1
2026-05-26 06:00:38 | DEBUG | P02 | PRODUCER_MAX_MESSAGES             = 50
2026-05-26 06:00:38 | DEBUG | P02 | PRODUCER_POLL_INTERVAL_SECONDS    = 15
2026-05-26 06:00:38 | DEBUG | P02 | KAFKA_GROUP_ID                    = streaming-consumer-group-A
2026-05-26 06:00:38 | DEBUG | P02 | KAFKA_AUTO_OFFSET_RESET           = earliest
2026-05-26 06:00:38 | DEBUG | P02 | CONSUMER_TIMEOUT_SECONDS          = 10
2026-05-26 06:00:38 | DEBUG | P02 | CONSUMER_MAX_MESSAGES             = 1000
2026-05-26 06:00:38 | DEBUG | P02 | INPUT_CSV_NAME                    = transactions.csv
2026-05-26 06:00:38 | DEBUG | P02 | OUTPUT_CSV_NAME                   = consumed_transactions.csv
2026-05-26 06:00:38 | INFO | P02 | === RUN START ===
2026-05-26 06:00:38 | INFO | P02 | project=P02
2026-05-26 06:00:38 | INFO | P02 | repo_dir=streaming-02-kafka
2026-05-26 06:00:38 | INFO | P02 | python=3.14.2
2026-05-26 06:00:38 | INFO | P02 | os=Windows 11
2026-05-26 06:00:38 | INFO | P02 | shell=powershell
2026-05-26 06:00:38 | INFO | P02 | cwd=.
2026-05-26 06:00:38 | INFO | P02 | github_actions=False
2026-05-26 06:00:38 | INFO | P02 | ========================
2026-05-26 06:00:38 | INFO | P02 | START producer main()
2026-05-26 06:00:38 | INFO | P02 | ========================
2026-05-26 06:00:38 | INFO | P02 | ROOT_DIR = .
2026-05-26 06:00:38 | INFO | P02 | DATA_DIR = data
2026-05-26 06:00:38 | INFO | P02 | SALES_CSV = data\transactions.csv
2026-05-26 06:00:38 | INFO | P02 | ========================
2026-05-26 06:00:38 | INFO | P02 | SECTION A. Acquire
2026-05-26 06:00:38 | INFO | P02 | ========================
2026-05-26 06:00:38 | INFO | P02 | Loading settings from .env...
2026-05-26 06:00:38 | INFO | P02 | KAFKA_BOOTSTRAP_SERVERS           = localhost:9092
2026-05-26 06:00:38 | INFO | P02 | KAFKA_TOPIC                       = streaming-02-kafka-reed
2026-05-26 06:00:38 | INFO | P02 | PRODUCER_MESSAGE_COUNT            = 10
2026-05-26 06:00:38 | INFO | P02 | PRODUCER_MESSAGE_INTERVAL_SECONDS = 1.0
2026-05-26 06:00:38 | INFO | P02 | KAFKA_CLEAR_TOPIC_ON_START        = True
2026-05-26 06:00:38 | INFO | P02 | Verifying Kafka connection...
2026-05-26 06:00:38 | INFO | P02 | Kafka port is reachable.
2026-05-26 06:00:40 | INFO | P02 | ========================
2026-05-26 06:00:40 | INFO | P02 | SECTION P. Produce Messages
2026-05-26 06:00:40 | INFO | P02 | ========================
2026-05-26 06:00:40 | INFO | P02 | Sending messages...
2026-05-26 06:00:40 | INFO | P02 | Sending up to 10 message(s) to topic 'streaming-02-kafka-reed'.
2026-05-26 06:00:40 | INFO | P02 | Watch each sale arrive. Press CTRL+C to stop early.

2026-05-26 06:00:40 | INFO | P02 | {
  type: PAYMENT
  amount: 9839.64
  nameOrig: C1231006815
  oldbalanceOrg: 170136
  newbalanceOrig: 160296.36
  nameDest: M1979787155
  oldbalanceDest: 0
  newbalanceDest: 0
}
2026-05-26 06:00:40 | INFO | P02 |   Sending message with key=PAYMENT
2026-05-26 06:00:40 | INFO | P02 |   MESSAGE SENT  sent=1
2026-05-26 06:00:41 | INFO | P02 | {
  type: PAYMENT
  amount: 1864.28
  nameOrig: C1666544295
  oldbalanceOrg: 21249
  newbalanceOrig: 19384.72
  nameDest: M2044282225
  oldbalanceDest: 0
  newbalanceDest: 0
}
2026-05-26 06:00:41 | INFO | P02 |   Sending message with key=PAYMENT
2026-05-26 06:00:41 | INFO | P02 |   MESSAGE SENT  sent=2
2026-05-26 06:00:42 | INFO | P02 | {
  type: TRANSFER
  amount: 181
  nameOrig: C1305486145
  oldbalanceOrg: 181
  newbalanceOrig: 0
  nameDest: C553264065
  oldbalanceDest: 0
  newbalanceDest: 0
}
2026-05-26 06:00:42 | INFO | P02 |   Sending message with key=TRANSFER
2026-05-26 06:00:42 | INFO | P02 |   MESSAGE SENT  sent=3
2026-05-26 06:00:43 | INFO | P02 | {
  type: CASH_OUT
  amount: 181
  nameOrig: C840083671
  oldbalanceOrg: 181
  newbalanceOrig: 0
  nameDest: C38997010
  oldbalanceDest: 21182
  newbalanceDest: 0
}
2026-05-26 06:00:43 | INFO | P02 |   Sending message with key=CASH_OUT
2026-05-26 06:00:43 | INFO | P02 |   MESSAGE SENT  sent=4
2026-05-26 06:00:44 | INFO | P02 | {
  type: PAYMENT
  amount: 11668.14
  nameOrig: C2048537720
  oldbalanceOrg: 41554
  newbalanceOrig: 29885.86
  nameDest: M1230701703
  oldbalanceDest: 0
  newbalanceDest: 0
}
2026-05-26 06:00:44 | INFO | P02 |   Sending message with key=PAYMENT
2026-05-26 06:00:45 | INFO | P02 |   MESSAGE SENT  sent=5
2026-05-26 06:00:46 | INFO | P02 | {
  type: PAYMENT
  amount: 7817.71
  nameOrig: C90045638
  oldbalanceOrg: 53860
  newbalanceOrig: 46042.29
  nameDest: M573487274
  oldbalanceDest: 0
  newbalanceDest: 0
}
2026-05-26 06:00:46 | INFO | P02 |   Sending message with key=PAYMENT
2026-05-26 06:00:46 | INFO | P02 |   MESSAGE SENT  sent=6
2026-05-26 06:00:47 | INFO | P02 | {
  type: PAYMENT
  amount: 7107.77
  nameOrig: C154988899
  oldbalanceOrg: 183195
  newbalanceOrig: 176087.23
  nameDest: M408069119
  oldbalanceDest: 0
  newbalanceDest: 0
}
2026-05-26 06:00:47 | INFO | P02 |   Sending message with key=PAYMENT
2026-05-26 06:00:47 | INFO | P02 |   MESSAGE SENT  sent=7
2026-05-26 06:00:48 | INFO | P02 | {
  type: PAYMENT
  amount: 7861.64
  nameOrig: C1912850431
  oldbalanceOrg: 176087.23
  newbalanceOrig: 168225.59
  nameDest: M633326333
  oldbalanceDest: 0
  newbalanceDest: 0
}
2026-05-26 06:00:48 | INFO | P02 |   Sending message with key=PAYMENT
2026-05-26 06:00:48 | INFO | P02 |   MESSAGE SENT  sent=8
2026-05-26 06:00:49 | INFO | P02 | {
  type: PAYMENT
  amount: 4024.36
  nameOrig: C1265012928
  oldbalanceOrg: 2671
  newbalanceOrig: 0
  nameDest: M1176932104
  oldbalanceDest: 0
  newbalanceDest: 0
}
2026-05-26 06:00:49 | INFO | P02 |   Sending message with key=PAYMENT
2026-05-26 06:00:49 | INFO | P02 |   MESSAGE SENT  sent=9
2026-05-26 06:00:50 | INFO | P02 | {
  type: DEBIT
  amount: 5337.77
  nameOrig: C712410124
  oldbalanceOrg: 41720
  newbalanceOrig: 36382.23
  nameDest: C195600860
  oldbalanceDest: 41898
  newbalanceDest: 40348.79
}
2026-05-26 06:00:50 | INFO | P02 |   Sending message with key=DEBIT
2026-05-26 06:00:50 | INFO | P02 |   MESSAGE SENT  sent=10
2026-05-26 06:00:51 | INFO | P02 | ========================
2026-05-26 06:00:51 | INFO | P02 | SECTION E. Exit
2026-05-26 06:00:51 | INFO | P02 | ========================
2026-05-26 06:00:51 | INFO | P02 | Summary:
2026-05-26 06:00:51 | INFO | P02 | Sent 10 message(s) to topic 'streaming-02-kafka-reed'.
2026-05-26 06:00:51 | INFO | P02 | ========================
2026-05-26 06:00:51 | INFO | P02 | Producer executed successfully!
2026-05-26 06:00:51 | INFO | P02 | ========================
2026-05-26 06:01:15 | DEBUG | C02 | KAFKA_BOOTSTRAP_SERVERS           = localhost:9092
2026-05-26 06:01:15 | DEBUG | C02 | KAFKA_BROKER_ADDRESS_FAMILY       = v6
2026-05-26 06:01:15 | DEBUG | C02 | KAFKA_TOPIC                       = streaming-02-kafka-reed
2026-05-26 06:01:15 | DEBUG | C02 | KAFKA_CLEAR_TOPIC_ON_START        = true
2026-05-26 06:01:15 | DEBUG | C02 | PRODUCER_MESSAGE_COUNT            = 10
2026-05-26 06:01:15 | DEBUG | C02 | PRODUCER_MESSAGE_INTERVAL_SECONDS = 1
2026-05-26 06:01:15 | DEBUG | C02 | PRODUCER_MAX_MESSAGES             = 50
2026-05-26 06:01:15 | DEBUG | C02 | PRODUCER_POLL_INTERVAL_SECONDS    = 15
2026-05-26 06:01:15 | DEBUG | C02 | KAFKA_GROUP_ID                    = streaming-consumer-group-A
2026-05-26 06:01:15 | DEBUG | C02 | KAFKA_AUTO_OFFSET_RESET           = earliest
2026-05-26 06:01:15 | DEBUG | C02 | CONSUMER_TIMEOUT_SECONDS          = 10
2026-05-26 06:01:15 | DEBUG | C02 | CONSUMER_MAX_MESSAGES             = 1000
2026-05-26 06:01:15 | DEBUG | C02 | INPUT_CSV_NAME                    = transactions.csv
2026-05-26 06:01:15 | DEBUG | C02 | OUTPUT_CSV_NAME                   = consumed_transactions.csv
2026-05-26 06:01:15 | INFO | C02 | === RUN START ===
2026-05-26 06:01:15 | INFO | C02 | project=C02
2026-05-26 06:01:15 | INFO | C02 | repo_dir=streaming-02-kafka
2026-05-26 06:01:15 | INFO | C02 | python=3.14.2
2026-05-26 06:01:15 | INFO | C02 | os=Windows 11
2026-05-26 06:01:15 | INFO | C02 | shell=powershell
2026-05-26 06:01:15 | INFO | C02 | cwd=.
2026-05-26 06:01:15 | INFO | C02 | github_actions=False
2026-05-26 06:01:15 | INFO | C02 | ========================
2026-05-26 06:01:15 | INFO | C02 | START consumer main()
2026-05-26 06:01:15 | INFO | C02 | ========================
2026-05-26 06:01:15 | INFO | C02 | ROOT_DIR = .
2026-05-26 06:01:15 | INFO | C02 | DATA_DIR = data
2026-05-26 06:01:15 | INFO | C02 | OUTPUT_CSV = data\output\consumed_transactions.csv
2026-05-26 06:01:15 | INFO | C02 | ========================
2026-05-26 06:01:15 | INFO | C02 | SECTION A. Acquire
2026-05-26 06:01:15 | INFO | C02 | ========================
2026-05-26 06:01:15 | INFO | C02 | Loading settings from .env...
2026-05-26 06:01:15 | INFO | C02 | KAFKA_BOOTSTRAP_SERVERS  = localhost:9092
2026-05-26 06:01:15 | INFO | C02 | KAFKA_TOPIC              = streaming-02-kafka-reed
2026-05-26 06:01:15 | INFO | C02 | KAFKA_GROUP_ID           = streaming-consumer-group-A
2026-05-26 06:01:15 | INFO | C02 | CONSUMER_TIMEOUT_SECONDS = 10.0
2026-05-26 06:01:15 | INFO | C02 | CONSUMER_MAX_MESSAGES    = 1000
2026-05-26 06:01:15 | INFO | C02 | Verifying Kafka connection...
2026-05-26 06:01:15 | INFO | C02 | Kafka port is reachable.
2026-05-26 06:01:15 | INFO | C02 | Verifying Kafka topic...
2026-05-26 06:01:17 | INFO | C02 | Topic 'streaming-02-kafka-reed' exists.
2026-05-26 06:01:17 | INFO | C02 | Found 10 message(s) available.
2026-05-26 06:01:17 | INFO | C02 | Creating Kafka consumer...
2026-05-26 06:01:17 | INFO | C02 | Subscribed to topic: 'streaming-02-kafka-reed' (reading from beginning)
2026-05-26 06:01:17 | INFO | C02 | ========================
2026-05-26 06:01:17 | INFO | C02 | SECTION C. Consume and Process Messages
2026-05-26 06:01:17 | INFO | C02 | ========================
2026-05-26 06:01:17 | INFO | C02 | Initializing output...
2026-05-26 06:01:17 | INFO | C02 | Output CSV cleared: consumed_transactions.csv
2026-05-26 06:01:17 | INFO | C02 | Consuming messages...
2026-05-26 06:01:17 | INFO | C02 | Waiting for up to 1000 message(s).
2026-05-26 06:01:17 | INFO | C02 | Press CTRL+C to stop early.

2026-05-26 06:01:20 | INFO | C02 | {'amount': '9839.64', 'nameDest': 'M1979787155', 'nameOrig': 'C1231006815', 'newbalanceDest': '0', 'newbalanceOrig': '160296.36', 'oldbalanceDest': '0', 'oldbalanceOrg': '170136', 'type': 'PAYMENT', '_kafka_key': 'PAYMENT', '_kafka_partition': 0, '_kafka_offset': 0}
2026-05-26 06:01:20 | INFO | C02 | Processing raw message.
2026-05-26 06:01:20 | INFO | C02 | MESSAGE CONSUMED
2026-05-26 06:01:20 | INFO | C02 | consumed=1
2026-05-26 06:01:20 | INFO | C02 | {'amount': '1864.28', 'nameDest': 'M2044282225', 'nameOrig': 'C1666544295', 'newbalanceDest': '0', 'newbalanceOrig': '19384.72', 'oldbalanceDest': '0', 'oldbalanceOrg': '21249', 'type': 'PAYMENT', '_kafka_key': 'PAYMENT', '_kafka_partition': 0, '_kafka_offset': 1}
2026-05-26 06:01:20 | INFO | C02 | Processing raw message.
2026-05-26 06:01:20 | INFO | C02 | MESSAGE CONSUMED
2026-05-26 06:01:20 | INFO | C02 | consumed=2
2026-05-26 06:01:20 | INFO | C02 | {'amount': '181', 'nameDest': 'C553264065', 'nameOrig': 'C1305486145', 'newbalanceDest': '0', 'newbalanceOrig': '0', 'oldbalanceDest': '0', 'oldbalanceOrg': '181', 'type': 'TRANSFER', '_kafka_key': 'TRANSFER', '_kafka_partition': 0, '_kafka_offset': 2}
2026-05-26 06:01:20 | INFO | C02 | Processing raw message.
2026-05-26 06:01:20 | INFO | C02 | MESSAGE CONSUMED
2026-05-26 06:01:20 | INFO | C02 | consumed=3
2026-05-26 06:01:20 | INFO | C02 | {'amount': '181', 'nameDest': 'C38997010', 'nameOrig': 'C840083671', 'newbalanceDest': '0', 'newbalanceOrig': '0', 'oldbalanceDest': '21182', 'oldbalanceOrg': '181', 'type': 'CASH_OUT', '_kafka_key': 'CASH_OUT', '_kafka_partition': 0, '_kafka_offset': 3}
2026-05-26 06:01:20 | INFO | C02 | Processing raw message.
2026-05-26 06:01:20 | INFO | C02 | MESSAGE CONSUMED
2026-05-26 06:01:20 | INFO | C02 | consumed=4
2026-05-26 06:01:20 | INFO | C02 | {'amount': '11668.14', 'nameDest': 'M1230701703', 'nameOrig': 'C2048537720', 'newbalanceDest': '0', 'newbalanceOrig': '29885.86', 'oldbalanceDest': '0', 'oldbalanceOrg': '41554', 'type': 'PAYMENT', '_kafka_key': 'PAYMENT', '_kafka_partition': 0, '_kafka_offset': 4}
2026-05-26 06:01:20 | INFO | C02 | Processing raw message.
2026-05-26 06:01:20 | INFO | C02 | MESSAGE CONSUMED
2026-05-26 06:01:20 | INFO | C02 | consumed=5
2026-05-26 06:01:20 | INFO | C02 | {'amount': '7817.71', 'nameDest': 'M573487274', 'nameOrig': 'C90045638', 'newbalanceDest': '0', 'newbalanceOrig': '46042.29', 'oldbalanceDest': '0', 'oldbalanceOrg': '53860', 'type': 'PAYMENT', '_kafka_key': 'PAYMENT', '_kafka_partition': 0, '_kafka_offset': 5}
2026-05-26 06:01:20 | INFO | C02 | Processing raw message.
2026-05-26 06:01:20 | INFO | C02 | MESSAGE CONSUMED
2026-05-26 06:01:20 | INFO | C02 | consumed=6
2026-05-26 06:01:20 | INFO | C02 | {'amount': '7107.77', 'nameDest': 'M408069119', 'nameOrig': 'C154988899', 'newbalanceDest': '0', 'newbalanceOrig': '176087.23', 'oldbalanceDest': '0', 'oldbalanceOrg': '183195', 'type': 'PAYMENT', '_kafka_key': 'PAYMENT', '_kafka_partition': 0, '_kafka_offset': 6}
2026-05-26 06:01:20 | INFO | C02 | Processing raw message.
2026-05-26 06:01:20 | INFO | C02 | MESSAGE CONSUMED
2026-05-26 06:01:20 | INFO | C02 | consumed=7
2026-05-26 06:01:20 | INFO | C02 | {'amount': '7861.64', 'nameDest': 'M633326333', 'nameOrig': 'C1912850431', 'newbalanceDest': '0', 'newbalanceOrig': '168225.59', 'oldbalanceDest': '0', 'oldbalanceOrg': '176087.23', 'type': 'PAYMENT', '_kafka_key': 'PAYMENT', '_kafka_partition': 0, '_kafka_offset': 7}
2026-05-26 06:01:20 | INFO | C02 | Processing raw message.
2026-05-26 06:01:20 | INFO | C02 | MESSAGE CONSUMED
2026-05-26 06:01:20 | INFO | C02 | consumed=8
2026-05-26 06:01:20 | INFO | C02 | {'amount': '4024.36', 'nameDest': 'M1176932104', 'nameOrig': 'C1265012928', 'newbalanceDest': '0', 'newbalanceOrig': '0', 'oldbalanceDest': '0', 'oldbalanceOrg': '2671', 'type': 'PAYMENT', '_kafka_key': 'PAYMENT', '_kafka_partition': 0, '_kafka_offset': 8}
2026-05-26 06:01:20 | INFO | C02 | Processing raw message.
2026-05-26 06:01:20 | INFO | C02 | MESSAGE CONSUMED
2026-05-26 06:01:20 | INFO | C02 | consumed=9
2026-05-26 06:01:20 | INFO | C02 | {'amount': '5337.77', 'nameDest': 'C195600860', 'nameOrig': 'C712410124', 'newbalanceDest': '40348.79', 'newbalanceOrig': '36382.23', 'oldbalanceDest': '41898', 'oldbalanceOrg': '41720', 'type': 'DEBIT', '_kafka_key': 'DEBIT', '_kafka_partition': 0, '_kafka_offset': 9}
2026-05-26 06:01:20 | INFO | C02 | Processing raw message.
2026-05-26 06:01:20 | INFO | C02 | MESSAGE CONSUMED
2026-05-26 06:01:20 | INFO | C02 | consumed=10
2026-05-26 06:01:31 | INFO | C02 | No message received within 10.0s timeout.
2026-05-26 06:01:31 | INFO | C02 | Producer finished or paused. Stopping consumer.
2026-05-26 06:01:31 | INFO | C02 | Kafka consumer closed.
2026-05-26 06:01:31 | INFO | C02 | ========================
2026-05-26 06:01:31 | INFO | C02 | SECTION E. Exit
2026-05-26 06:01:31 | INFO | C02 | ========================
2026-05-26 06:01:31 | INFO | C02 | Summary:
2026-05-26 06:01:31 | INFO | C02 | Consumed 10 message(s) from topic 'streaming-02-kafka-reed'.
2026-05-26 06:01:31 | INFO | C02 | OUTPUT_CSV = data\output\consumed_transactions.csv
2026-05-26 06:01:31 | INFO | C02 | ========================
2026-05-26 06:01:31 | INFO | C02 | Consumer executed successfully!
2026-05-26 06:01:31 | INFO | C02 | ========================
